<?xml version="1.0" encoding="UTF-8"?>
<testng-results ignored="0" total="1" passed="1" failed="0" skipped="0">
  <reporter-output>
  </reporter-output>
  <suite started-at="2023-04-05T23:30:13 IST" name="Default suite" finished-at="2023-04-05T23:30:30 IST" duration-ms="17313">
    <groups>
    </groups>
    <test started-at="2023-04-05T23:30:13 IST" name="Default test" finished-at="2023-04-05T23:30:30 IST" duration-ms="17313">
      <class name="APITests.ZAPSecurityTest">
        <test-method is-config="true" signature="setUp()[pri:0, instance:APITests.ZAPSecurityTest@479d31f3]" started-at="2023-04-05T23:30:13 IST" name="setUp" finished-at="2023-04-05T23:30:14 IST" duration-ms="1279" status="PASS">
          <reporter-output>
          </reporter-output>
        </test-method> <!-- setUp -->
        <test-method signature="amazonSecurityTest()[pri:0, instance:APITests.ZAPSecurityTest@479d31f3]" started-at="2023-04-05T23:30:14 IST" name="amazonSecurityTest" finished-at="2023-04-05T23:30:29 IST" duration-ms="14659" status="PASS">
          <reporter-output>
          </reporter-output>
        </test-method> <!-- amazonSecurityTest -->
        <test-method is-config="true" signature="tearDown()[pri:0, instance:APITests.ZAPSecurityTest@479d31f3]" started-at="2023-04-05T23:30:29 IST" name="tearDown" finished-at="2023-04-05T23:30:30 IST" duration-ms="1327" status="PASS">
          <reporter-output>
          </reporter-output>
        </test-method> <!-- tearDown -->
      </class> <!-- APITests.ZAPSecurityTest -->
    </test> <!-- Default test -->
  </suite> <!-- Default suite -->
</testng-results>
